<?xml version="1.0" encoding="UTF-8"?>
<!-- Generated by org.testng.reporters.JUnitReportReporter -->
<testsuite hostname="Production" failures="0" tests="2" name="com.yesm.MavenProject.TestNGProgram1" time="0.014" errors="0" timestamp="2022-09-16T22:16:07 EDT" skipped="0">
  <testcase classname="com.yesm.MavenProject.TestNGProgram1" name="test1" time="0.013"/>
  <system-out/>
  <testcase classname="com.yesm.MavenProject.TestNGProgram1" name="test2" time="0.001"/>
  <system-out/>
</testsuite> <!-- com.yesm.MavenProject.TestNGProgram1 -->
