<?xml version="1.0" encoding="UTF-8"?>
<!-- Generated by org.testng.reporters.JUnitReportReporter -->
<testsuite hostname="Production" failures="0" tests="2" name="com.yesm.maven.project.YahooTesting" time="0.000" errors="0" timestamp="2022-09-20T12:27:55 EDT" skipped="2">
  <testcase classname="com.yesm.maven.project.YahooTesting" name="checkTemperature" time="0.000">
    <skipped/>
  </testcase> <!-- checkTemperature -->
  <system-out/>
  <testcase classname="com.yesm.maven.project.YahooTesting" name="checkCity" time="0.000">
    <skipped/>
  </testcase> <!-- checkCity -->
  <system-out/>
</testsuite> <!-- com.yesm.maven.project.YahooTesting -->
