<?xml version="1.0" encoding="UTF-8"?>
<!-- Generated by org.testng.reporters.JUnitReportReporter -->
<testsuite hostname="Production" failures="0" tests="2" name="com.yesm.maven.project.TestNGProgram1" time="0.000" errors="0" timestamp="2022-09-20T12:27:55 EDT" skipped="2">
  <testcase classname="com.yesm.maven.project.TestNGProgram1" name="test2" time="0.000">
    <skipped/>
  </testcase> <!-- test2 -->
  <system-out/>
  <testcase classname="com.yesm.maven.project.TestNGProgram1" name="test1" time="0.000">
    <skipped/>
  </testcase> <!-- test1 -->
  <system-out/>
</testsuite> <!-- com.yesm.maven.project.TestNGProgram1 -->
