<?xml version="1.0" encoding="UTF-8"?>
<!-- Generated by org.testng.reporters.JUnitReportReporter -->
<testsuite hostname="Production" failures="0" tests="6" name="com.rest.assured.practice.SimpleBooks" time="4.285" errors="0" timestamp="2022-09-24T14:22:10 EDT" skipped="0">
  <testcase classname="com.rest.assured.practice.SimpleBooks" name="getOrderByIdAfterDelete" time="0.401"/>
  <system-out/>
  <testcase classname="com.rest.assured.practice.SimpleBooks" name="createOrder" time="2.603"/>
  <system-out/>
  <testcase classname="com.rest.assured.practice.SimpleBooks" name="updateOrder" time="0.364"/>
  <system-out/>
  <testcase classname="com.rest.assured.practice.SimpleBooks" name="getOrderById" time="0.318"/>
  <system-out/>
  <testcase classname="com.rest.assured.practice.SimpleBooks" name="getOrderByIdAfterUpdate" time="0.363"/>
  <system-out/>
  <testcase classname="com.rest.assured.practice.SimpleBooks" name="deleteOrder" time="0.236"/>
  <system-out/>
</testsuite> <!-- com.rest.assured.practice.SimpleBooks -->
