<?xml version="1.0" encoding="UTF-8"?>
<!-- Generated by org.testng.reporters.JUnitReportReporter -->
<testsuite hostname="Production" failures="0" tests="1" name="com.yesm.maven.project.GoolgeTesting" time="0.075" errors="0" timestamp="2022-09-22T11:47:41 EDT" skipped="0">
  <testcase classname="com.yesm.maven.project.GoolgeTesting" name="goolgeTemperature" time="0.075"/>
  <system-out/>
</testsuite> <!-- com.yesm.maven.project.GoolgeTesting -->
