<?xml version="1.0" encoding="UTF-8"?>
<!-- Generated by org.testng.reporters.JUnitReportReporter -->
<testsuite hostname="Production" failures="0" tests="2" name="com.yesm.maven.project.YahooWeather" time="0.678" errors="0" timestamp="2022-09-17T21:04:18 EDT" skipped="0">
  <testcase classname="com.yesm.maven.project.YahooWeather" name="checkTemperature" time="0.033"/>
  <system-out/>
  <testcase classname="com.yesm.maven.project.YahooWeather" name="checkCity" time="0.645"/>
  <system-out/>
</testsuite> <!-- com.yesm.maven.project.YahooWeather -->
