<?xml version="1.0" encoding="UTF-8"?>
<!-- Generated by org.testng.reporters.JUnitReportReporter -->
<testsuite hostname="Production" failures="0" tests="1" name="com.yesm.maven.project.TestCalc" time="0.001" errors="0" timestamp="2022-09-22T11:47:41 EDT" skipped="0">
  <testcase classname="com.yesm.maven.project.TestCalc" name="testAddInt" time="0.001"/>
  <system-out/>
</testsuite> <!-- com.yesm.maven.project.TestCalc -->
